C:\Users\debsu\source\repos\BackendAPI\frontend\dist\out-tsc\src\app\app.component.js
C:\Users\debsu\source\repos\BackendAPI\frontend\dist\out-tsc\src\app\app.component.js.map
C:\Users\debsu\source\repos\BackendAPI\frontend\dist\out-tsc\src\app\app.routes.js
C:\Users\debsu\source\repos\BackendAPI\frontend\dist\out-tsc\src\app\app.routes.js.map
C:\Users\debsu\source\repos\BackendAPI\frontend\dist\out-tsc\src\app\app.config.js
C:\Users\debsu\source\repos\BackendAPI\frontend\dist\out-tsc\src\app\app.config.js.map
C:\Users\debsu\source\repos\BackendAPI\frontend\dist\out-tsc\src\app\app.config.server.js
C:\Users\debsu\source\repos\BackendAPI\frontend\dist\out-tsc\src\app\app.config.server.js.map
C:\Users\debsu\source\repos\BackendAPI\frontend\dist\out-tsc\src\main.server.js
C:\Users\debsu\source\repos\BackendAPI\frontend\dist\out-tsc\src\main.server.js.map
C:\Users\debsu\source\repos\BackendAPI\frontend\dist\out-tsc\server.js
C:\Users\debsu\source\repos\BackendAPI\frontend\dist\out-tsc\server.js.map
C:\Users\debsu\source\repos\BackendAPI\frontend\dist\out-tsc\src\main.js
C:\Users\debsu\source\repos\BackendAPI\frontend\dist\out-tsc\src\main.js.map
C:\Users\debsu\source\repos\BackendAPI\frontend\dist\out-tsc\src\app\api.service.js
C:\Users\debsu\source\repos\BackendAPI\frontend\dist\out-tsc\src\app\api.service.js.map
C:\Users\debsu\source\repos\BackendAPI\frontend\dist\out-tsc\src\app\api.service.spec.js
C:\Users\debsu\source\repos\BackendAPI\frontend\dist\out-tsc\src\app\api.service.spec.js.map
C:\Users\debsu\source\repos\BackendAPI\frontend\dist\out-tsc\src\app\app.component.spec.js
C:\Users\debsu\source\repos\BackendAPI\frontend\dist\out-tsc\src\app\app.component.spec.js.map
C:\Users\debsu\source\repos\BackendAPI\frontend\dist\out-tsc\src\app\display\display.component.js
C:\Users\debsu\source\repos\BackendAPI\frontend\dist\out-tsc\src\app\display\display.component.js.map
C:\Users\debsu\source\repos\BackendAPI\frontend\dist\out-tsc\src\app\app.module.js
C:\Users\debsu\source\repos\BackendAPI\frontend\dist\out-tsc\src\app\app.module.js.map
C:\Users\debsu\source\repos\BackendAPI\frontend\dist\out-tsc\src\app\display\display.component.spec.js
C:\Users\debsu\source\repos\BackendAPI\frontend\dist\out-tsc\src\app\display\display.component.spec.js.map
